<?xml version="1.0" encoding="UTF-8"?>
<testsuites name="VerifyLinksintheWebsite" time="21" tests="1" failures="0" errors="0">
   <testsuite name="VerifyLinksintheWebsite" tests="1" failures="0" errors="0" time="21" timestamp="2018-07-10 14:48:17" hostname="Avishek - DESKTOP-UNOIIMH" id="Test Suites/WebsiteFrontend/VerifyLinksintheWebsite">
      <properties>
[...]
</properties>
      <testcase name="Test Cases/WebsitesFrontend/VerifyLinksinWebsites" classname="Test Cases/WebsitesFrontend/VerifyLinksinWebsites" status="PASSED">
         <system-out><![CDATA[2018-07-10 14:48:18 - [TEST_CASE][PASSED] - Test Cases/WebsitesFrontend/VerifyLinksinWebsites: Test Cases/WebsitesFrontend/VerifyLinksinWebsites

2018-07-10 14:48:18 - [TEST_STEP][PASSED] - openBrowser: Browser is opened with url: ''

2018-07-10 14:48:22 - [MESSAGE][PASSED] - Browser is opened with url: ''

2018-07-10 14:48:22 - [TEST_STEP][PASSED] - navigateToUrl: Navigate to 'http://logmanproj.com/' successfully

2018-07-10 14:48:25 - [MESSAGE][PASSED] - Navigate to 'http://logmanproj.com/' successfully

2018-07-10 14:48:25 - [TEST_STEP][PASSED] - takeScreenshot: Taking screenshot successfully

2018-07-10 14:48:26 - [MESSAGE][PASSED] - Taking screenshot successfully
[[ATTACHMENT|E:\\Avishek\\LOGMANPROJECT\\Reports\\WebsiteFrontend\\VerifyLinksintheWebsite\\20180710_144407\\1531214305846.png]]

2018-07-10 14:48:26 - [TEST_STEP][PASSED] - click: Object: 'Object Repository/VerifyLinksinWebsites/Page_JobyCo/a_About' is clicked on

2018-07-10 14:48:27 - [MESSAGE][PASSED] - Object: 'Object Repository/VerifyLinksinWebsites/Page_JobyCo/a_About' is clicked on

2018-07-10 14:48:27 - [TEST_STEP][PASSED] - takeScreenshot: Taking screenshot successfully

2018-07-10 14:48:27 - [MESSAGE][PASSED] - Taking screenshot successfully
[[ATTACHMENT|E:\\Avishek\\LOGMANPROJECT\\Reports\\WebsiteFrontend\\VerifyLinksintheWebsite\\20180710_144407\\1531214307403.png]]

2018-07-10 14:48:27 - [TEST_STEP][PASSED] - click: Object: 'Object Repository/VerifyLinksinWebsites/Page_Jobyco (1)/a_Quote' is clicked on

2018-07-10 14:48:28 - [MESSAGE][PASSED] - Object: 'Object Repository/VerifyLinksinWebsites/Page_Jobyco (1)/a_Quote' is clicked on

2018-07-10 14:48:28 - [TEST_STEP][PASSED] - takeScreenshot: Taking screenshot successfully

2018-07-10 14:48:29 - [MESSAGE][PASSED] - Taking screenshot successfully
[[ATTACHMENT|E:\\Avishek\\LOGMANPROJECT\\Reports\\WebsiteFrontend\\VerifyLinksintheWebsite\\20180710_144407\\1531214308526.png]]

2018-07-10 14:48:29 - [TEST_STEP][PASSED] - click: Object: 'Object Repository/VerifyLinksinWebsites/Page_JobyCo/a_Contact' is clicked on

2018-07-10 14:48:29 - [MESSAGE][PASSED] - Object: 'Object Repository/VerifyLinksinWebsites/Page_JobyCo/a_Contact' is clicked on

2018-07-10 14:48:29 - [TEST_STEP][PASSED] - takeScreenshot: Taking screenshot successfully

2018-07-10 14:48:30 - [MESSAGE][PASSED] - Taking screenshot successfully
[[ATTACHMENT|E:\\Avishek\\LOGMANPROJECT\\Reports\\WebsiteFrontend\\VerifyLinksintheWebsite\\20180710_144407\\1531214309878.png]]

2018-07-10 14:48:30 - [TEST_STEP][PASSED] - click: Object: 'Object Repository/VerifyLinksinWebsites/Page_Jobyco (1)/a_Careers' is clicked on

2018-07-10 14:48:31 - [MESSAGE][PASSED] - Object: 'Object Repository/VerifyLinksinWebsites/Page_Jobyco (1)/a_Careers' is clicked on

2018-07-10 14:48:31 - [TEST_STEP][PASSED] - takeScreenshot: Taking screenshot successfully

2018-07-10 14:48:31 - [MESSAGE][PASSED] - Taking screenshot successfully
[[ATTACHMENT|E:\\Avishek\\LOGMANPROJECT\\Reports\\WebsiteFrontend\\VerifyLinksintheWebsite\\20180710_144407\\1531214311163.png]]

2018-07-10 14:48:31 - [TEST_STEP][PASSED] - click: Object: 'Object Repository/VerifyLinksinWebsites/Page_Jobyco (1)/a_Help' is clicked on

2018-07-10 14:48:32 - [MESSAGE][PASSED] - Object: 'Object Repository/VerifyLinksinWebsites/Page_Jobyco (1)/a_Help' is clicked on

2018-07-10 14:48:32 - [TEST_STEP][PASSED] - takeScreenshot: Taking screenshot successfully

2018-07-10 14:48:32 - [MESSAGE][PASSED] - Taking screenshot successfully
[[ATTACHMENT|E:\\Avishek\\LOGMANPROJECT\\Reports\\WebsiteFrontend\\VerifyLinksintheWebsite\\20180710_144407\\1531214312355.png]]

2018-07-10 14:48:32 - [TEST_STEP][PASSED] - click: Object: 'Object Repository/VerifyLinksinWebsites/Page_Jobyco (1)/a_How do I book a collection D' is clicked on

2018-07-10 14:48:32 - [MESSAGE][PASSED] - Object: 'Object Repository/VerifyLinksinWebsites/Page_Jobyco (1)/a_How do I book a collection D' is clicked on

2018-07-10 14:48:32 - [TEST_STEP][PASSED] - click: Object: 'Object Repository/VerifyLinksinWebsites/Page_Jobyco (1)/a_What types of services does' is clicked on

2018-07-10 14:48:33 - [MESSAGE][PASSED] - Object: 'Object Repository/VerifyLinksinWebsites/Page_Jobyco (1)/a_What types of services does' is clicked on

2018-07-10 14:48:33 - [TEST_STEP][PASSED] - click: Object: 'Object Repository/VerifyLinksinWebsites/Page_Jobyco (1)/a_Where can I find your prices' is clicked on

2018-07-10 14:48:33 - [MESSAGE][PASSED] - Object: 'Object Repository/VerifyLinksinWebsites/Page_Jobyco (1)/a_Where can I find your prices' is clicked on

2018-07-10 14:48:33 - [TEST_STEP][PASSED] - click: Object: 'Object Repository/VerifyLinksinWebsites/Page_Jobyco (1)/a_Do you provide packaging' is clicked on

2018-07-10 14:48:33 - [MESSAGE][PASSED] - Object: 'Object Repository/VerifyLinksinWebsites/Page_Jobyco (1)/a_Do you provide packaging' is clicked on

2018-07-10 14:48:33 - [TEST_STEP][PASSED] - click: Object: 'Object Repository/VerifyLinksinWebsites/Page_Jobyco (1)/a_Can I use my own packaging' is clicked on

2018-07-10 14:48:33 - [MESSAGE][PASSED] - Object: 'Object Repository/VerifyLinksinWebsites/Page_Jobyco (1)/a_Can I use my own packaging' is clicked on

2018-07-10 14:48:33 - [TEST_STEP][PASSED] - click: Object: 'Object Repository/VerifyLinksinWebsites/Page_Jobyco (1)/a_How do I change or cancel a' is clicked on

2018-07-10 14:48:33 - [MESSAGE][PASSED] - Object: 'Object Repository/VerifyLinksinWebsites/Page_Jobyco (1)/a_How do I change or cancel a' is clicked on

2018-07-10 14:48:33 - [TEST_STEP][PASSED] - click: Object: 'Object Repository/VerifyLinksinWebsites/Page_Jobyco (1)/a_Are there maximum weight and' is clicked on

2018-07-10 14:48:33 - [MESSAGE][PASSED] - Object: 'Object Repository/VerifyLinksinWebsites/Page_Jobyco (1)/a_Are there maximum weight and' is clicked on

2018-07-10 14:48:33 - [TEST_STEP][PASSED] - click: Object: 'Object Repository/VerifyLinksinWebsites/Page_Jobyco (1)/a_Are there any prohibited ite' is clicked on

2018-07-10 14:48:33 - [MESSAGE][PASSED] - Object: 'Object Repository/VerifyLinksinWebsites/Page_Jobyco (1)/a_Are there any prohibited ite' is clicked on

2018-07-10 14:48:33 - [TEST_STEP][PASSED] - click: Object: 'Object Repository/VerifyLinksinWebsites/Page_Jobyco (1)/a_Does my recipient need to pa' is clicked on

2018-07-10 14:48:33 - [MESSAGE][PASSED] - Object: 'Object Repository/VerifyLinksinWebsites/Page_Jobyco (1)/a_Does my recipient need to pa' is clicked on

2018-07-10 14:48:33 - [TEST_STEP][PASSED] - click: Object: 'Object Repository/VerifyLinksinWebsites/Page_Jobyco (1)/a_Does my recipient need to pa_1' is clicked on

2018-07-10 14:48:34 - [MESSAGE][PASSED] - Object: 'Object Repository/VerifyLinksinWebsites/Page_Jobyco (1)/a_Does my recipient need to pa_1' is clicked on

2018-07-10 14:48:34 - [TEST_STEP][PASSED] - click: Object: 'Object Repository/VerifyLinksinWebsites/Page_Jobyco (1)/a_Will my parcel be opened for' is clicked on

2018-07-10 14:48:34 - [MESSAGE][PASSED] - Object: 'Object Repository/VerifyLinksinWebsites/Page_Jobyco (1)/a_Will my parcel be opened for' is clicked on

2018-07-10 14:48:34 - [TEST_STEP][PASSED] - click: Object: 'Object Repository/VerifyLinksinWebsites/Page_Jobyco (1)/a_Is my consignment covered by' is clicked on

2018-07-10 14:48:34 - [MESSAGE][PASSED] - Object: 'Object Repository/VerifyLinksinWebsites/Page_Jobyco (1)/a_Is my consignment covered by' is clicked on

2018-07-10 14:48:34 - [TEST_STEP][PASSED] - click: Object: 'Object Repository/VerifyLinksinWebsites/Page_Jobyco (1)/a_Can I track the status and l' is clicked on

2018-07-10 14:48:34 - [MESSAGE][PASSED] - Object: 'Object Repository/VerifyLinksinWebsites/Page_Jobyco (1)/a_Can I track the status and l' is clicked on

2018-07-10 14:48:34 - [TEST_STEP][PASSED] - click: Object: 'Object Repository/VerifyLinksinWebsites/Page_Jobyco (1)/a_What should I do if my consi' is clicked on

2018-07-10 14:48:34 - [MESSAGE][PASSED] - Object: 'Object Repository/VerifyLinksinWebsites/Page_Jobyco (1)/a_What should I do if my consi' is clicked on

2018-07-10 14:48:34 - [TEST_STEP][PASSED] - click: Object: 'Object Repository/VerifyLinksinWebsites/Page_Jobyco (1)/a_Within what time frame do I' is clicked on

2018-07-10 14:48:34 - [MESSAGE][PASSED] - Object: 'Object Repository/VerifyLinksinWebsites/Page_Jobyco (1)/a_Within what time frame do I' is clicked on

2018-07-10 14:48:34 - [TEST_STEP][PASSED] - click: Object: 'Object Repository/VerifyLinksinWebsites/Page_Jobyco (1)/a_How long does it take for my' is clicked on

2018-07-10 14:48:34 - [MESSAGE][PASSED] - Object: 'Object Repository/VerifyLinksinWebsites/Page_Jobyco (1)/a_How long does it take for my' is clicked on

2018-07-10 14:48:34 - [TEST_STEP][PASSED] - click: Object: 'Object Repository/VerifyLinksinWebsites/Page_Jobyco (1)/a_How do we pack our things so' is clicked on

2018-07-10 14:48:35 - [MESSAGE][PASSED] - Object: 'Object Repository/VerifyLinksinWebsites/Page_Jobyco (1)/a_How do we pack our things so' is clicked on

2018-07-10 14:48:35 - [TEST_STEP][PASSED] - click: Object: 'Object Repository/VerifyLinksinWebsites/Page_Jobyco (1)/a_Home' is clicked on

2018-07-10 14:48:35 - [MESSAGE][PASSED] - Object: 'Object Repository/VerifyLinksinWebsites/Page_Jobyco (1)/a_Home' is clicked on

2018-07-10 14:48:35 - [TEST_STEP][PASSED] - takeScreenshot: Taking screenshot successfully

2018-07-10 14:48:36 - [MESSAGE][PASSED] - Taking screenshot successfully
[[ATTACHMENT|E:\\Avishek\\LOGMANPROJECT\\Reports\\WebsiteFrontend\\VerifyLinksintheWebsite\\20180710_144407\\1531214315859.png]]

2018-07-10 14:48:36 - [TEST_STEP][PASSED] - click: Object: 'Object Repository/VerifyLinksinWebsites/Page_JobyCo/a_About' is clicked on

2018-07-10 14:48:36 - [MESSAGE][PASSED] - Object: 'Object Repository/VerifyLinksinWebsites/Page_JobyCo/a_About' is clicked on

2018-07-10 14:48:36 - [TEST_STEP][PASSED] - takeScreenshot: Taking screenshot successfully

2018-07-10 14:48:37 - [MESSAGE][PASSED] - Taking screenshot successfully
[[ATTACHMENT|E:\\Avishek\\LOGMANPROJECT\\Reports\\WebsiteFrontend\\VerifyLinksintheWebsite\\20180710_144407\\1531214316924.png]]

2018-07-10 14:48:37 - [TEST_STEP][PASSED] - click: Object: 'Object Repository/VerifyLinksinWebsites/Page_Jobyco (1)/img_img-responsive' is clicked on

2018-07-10 14:48:38 - [MESSAGE][PASSED] - Object: 'Object Repository/VerifyLinksinWebsites/Page_Jobyco (1)/img_img-responsive' is clicked on

2018-07-10 14:48:38 - [TEST_STEP][PASSED] - takeScreenshot: Taking screenshot successfully

2018-07-10 14:48:38 - [MESSAGE][PASSED] - Taking screenshot successfully
[[ATTACHMENT|E:\\Avishek\\LOGMANPROJECT\\Reports\\WebsiteFrontend\\VerifyLinksintheWebsite\\20180710_144407\\1531214318097.png]]

2018-07-10 14:48:38 - [TEST_STEP][PASSED] - closeBrowser: Browser is closed

2018-07-10 14:48:39 - [MESSAGE][PASSED] - Browser is closed]]></system-out>
         <system-err><![CDATA[]]></system-err>
      </testcase>
      <system-out><![CDATA[2018-07-10 14:48:17 - [TEST_SUITE][PASSED] - VerifyLinksintheWebsite: Test Cases/WebsitesFrontend/VerifyLinksinWebsites]]></system-out>
      <system-err><![CDATA[]]></system-err>
   </testsuite>
</testsuites>
