<?xml version="1.0" encoding="UTF-8"?>
<testsuites name="WebsiteVerifyLinksAndSignUp" time="35" tests="2" failures="0" errors="0">
   <testsuite name="WebsiteVerifyLinksAndSignUp" tests="2" failures="0" errors="0" time="35" timestamp="2018-07-10 14:50:10" hostname="Avishek - DESKTOP-UNOIIMH" id="Test Suites/WebsiteFrontend/WebsiteVerifyLinksAndSignUp">
      <properties>
[...]
</properties>
      <testcase name="Test Cases/WebsitesFrontend/VerifyLinksinWebsites" classname="Test Cases/WebsitesFrontend/VerifyLinksinWebsites" status="PASSED">
         <system-out><![CDATA[2018-07-10 14:50:11 - [TEST_CASE][PASSED] - Test Cases/WebsitesFrontend/VerifyLinksinWebsites: Test Cases/WebsitesFrontend/VerifyLinksinWebsites

2018-07-10 14:50:12 - [TEST_STEP][PASSED] - openBrowser: Browser is opened with url: ''

2018-07-10 14:50:15 - [MESSAGE][PASSED] - Browser is opened with url: ''

2018-07-10 14:50:15 - [TEST_STEP][PASSED] - navigateToUrl: Navigate to 'http://logmanproj.com/' successfully

2018-07-10 14:50:18 - [MESSAGE][PASSED] - Navigate to 'http://logmanproj.com/' successfully

2018-07-10 14:50:18 - [TEST_STEP][PASSED] - takeScreenshot: Taking screenshot successfully

2018-07-10 14:50:19 - [MESSAGE][PASSED] - Taking screenshot successfully
[[ATTACHMENT|E:\\Avishek\\LOGMANPROJECT\\Reports\\WebsiteFrontend\\WebsiteVerifyLinksAndSignUp\\20180710_144407\\1531214418860.png]]

2018-07-10 14:50:19 - [TEST_STEP][PASSED] - click: Object: 'Object Repository/VerifyLinksinWebsites/Page_JobyCo/a_About' is clicked on

2018-07-10 14:50:20 - [MESSAGE][PASSED] - Object: 'Object Repository/VerifyLinksinWebsites/Page_JobyCo/a_About' is clicked on

2018-07-10 14:50:20 - [TEST_STEP][PASSED] - takeScreenshot: Taking screenshot successfully

2018-07-10 14:50:20 - [MESSAGE][PASSED] - Taking screenshot successfully
[[ATTACHMENT|E:\\Avishek\\LOGMANPROJECT\\Reports\\WebsiteFrontend\\WebsiteVerifyLinksAndSignUp\\20180710_144407\\1531214420412.png]]

2018-07-10 14:50:20 - [TEST_STEP][PASSED] - click: Object: 'Object Repository/VerifyLinksinWebsites/Page_Jobyco (1)/a_Quote' is clicked on

2018-07-10 14:50:21 - [MESSAGE][PASSED] - Object: 'Object Repository/VerifyLinksinWebsites/Page_Jobyco (1)/a_Quote' is clicked on

2018-07-10 14:50:21 - [TEST_STEP][PASSED] - takeScreenshot: Taking screenshot successfully

2018-07-10 14:50:22 - [MESSAGE][PASSED] - Taking screenshot successfully
[[ATTACHMENT|E:\\Avishek\\LOGMANPROJECT\\Reports\\WebsiteFrontend\\WebsiteVerifyLinksAndSignUp\\20180710_144407\\1531214421597.png]]

2018-07-10 14:50:22 - [TEST_STEP][PASSED] - click: Object: 'Object Repository/VerifyLinksinWebsites/Page_JobyCo/a_Contact' is clicked on

2018-07-10 14:50:23 - [MESSAGE][PASSED] - Object: 'Object Repository/VerifyLinksinWebsites/Page_JobyCo/a_Contact' is clicked on

2018-07-10 14:50:23 - [TEST_STEP][PASSED] - takeScreenshot: Taking screenshot successfully

2018-07-10 14:50:23 - [MESSAGE][PASSED] - Taking screenshot successfully
[[ATTACHMENT|E:\\Avishek\\LOGMANPROJECT\\Reports\\WebsiteFrontend\\WebsiteVerifyLinksAndSignUp\\20180710_144407\\1531214423419.png]]

2018-07-10 14:50:23 - [TEST_STEP][PASSED] - click: Object: 'Object Repository/VerifyLinksinWebsites/Page_Jobyco (1)/a_Careers' is clicked on

2018-07-10 14:50:24 - [MESSAGE][PASSED] - Object: 'Object Repository/VerifyLinksinWebsites/Page_Jobyco (1)/a_Careers' is clicked on

2018-07-10 14:50:24 - [TEST_STEP][PASSED] - takeScreenshot: Taking screenshot successfully

2018-07-10 14:50:24 - [MESSAGE][PASSED] - Taking screenshot successfully
[[ATTACHMENT|E:\\Avishek\\LOGMANPROJECT\\Reports\\WebsiteFrontend\\WebsiteVerifyLinksAndSignUp\\20180710_144407\\1531214424547.png]]

2018-07-10 14:50:24 - [TEST_STEP][PASSED] - click: Object: 'Object Repository/VerifyLinksinWebsites/Page_Jobyco (1)/a_Help' is clicked on

2018-07-10 14:50:25 - [MESSAGE][PASSED] - Object: 'Object Repository/VerifyLinksinWebsites/Page_Jobyco (1)/a_Help' is clicked on

2018-07-10 14:50:25 - [TEST_STEP][PASSED] - takeScreenshot: Taking screenshot successfully

2018-07-10 14:50:26 - [MESSAGE][PASSED] - Taking screenshot successfully
[[ATTACHMENT|E:\\Avishek\\LOGMANPROJECT\\Reports\\WebsiteFrontend\\WebsiteVerifyLinksAndSignUp\\20180710_144407\\1531214425790.png]]

2018-07-10 14:50:26 - [TEST_STEP][PASSED] - click: Object: 'Object Repository/VerifyLinksinWebsites/Page_Jobyco (1)/a_How do I book a collection D' is clicked on

2018-07-10 14:50:26 - [MESSAGE][PASSED] - Object: 'Object Repository/VerifyLinksinWebsites/Page_Jobyco (1)/a_How do I book a collection D' is clicked on

2018-07-10 14:50:26 - [TEST_STEP][PASSED] - click: Object: 'Object Repository/VerifyLinksinWebsites/Page_Jobyco (1)/a_What types of services does' is clicked on

2018-07-10 14:50:26 - [MESSAGE][PASSED] - Object: 'Object Repository/VerifyLinksinWebsites/Page_Jobyco (1)/a_What types of services does' is clicked on

2018-07-10 14:50:26 - [TEST_STEP][PASSED] - click: Object: 'Object Repository/VerifyLinksinWebsites/Page_Jobyco (1)/a_Where can I find your prices' is clicked on

2018-07-10 14:50:26 - [MESSAGE][PASSED] - Object: 'Object Repository/VerifyLinksinWebsites/Page_Jobyco (1)/a_Where can I find your prices' is clicked on

2018-07-10 14:50:26 - [TEST_STEP][PASSED] - click: Object: 'Object Repository/VerifyLinksinWebsites/Page_Jobyco (1)/a_Do you provide packaging' is clicked on

2018-07-10 14:50:26 - [MESSAGE][PASSED] - Object: 'Object Repository/VerifyLinksinWebsites/Page_Jobyco (1)/a_Do you provide packaging' is clicked on

2018-07-10 14:50:26 - [TEST_STEP][PASSED] - click: Object: 'Object Repository/VerifyLinksinWebsites/Page_Jobyco (1)/a_Can I use my own packaging' is clicked on

2018-07-10 14:50:27 - [MESSAGE][PASSED] - Object: 'Object Repository/VerifyLinksinWebsites/Page_Jobyco (1)/a_Can I use my own packaging' is clicked on

2018-07-10 14:50:27 - [TEST_STEP][PASSED] - click: Object: 'Object Repository/VerifyLinksinWebsites/Page_Jobyco (1)/a_How do I change or cancel a' is clicked on

2018-07-10 14:50:27 - [MESSAGE][PASSED] - Object: 'Object Repository/VerifyLinksinWebsites/Page_Jobyco (1)/a_How do I change or cancel a' is clicked on

2018-07-10 14:50:27 - [TEST_STEP][PASSED] - click: Object: 'Object Repository/VerifyLinksinWebsites/Page_Jobyco (1)/a_Are there maximum weight and' is clicked on

2018-07-10 14:50:27 - [MESSAGE][PASSED] - Object: 'Object Repository/VerifyLinksinWebsites/Page_Jobyco (1)/a_Are there maximum weight and' is clicked on

2018-07-10 14:50:27 - [TEST_STEP][PASSED] - click: Object: 'Object Repository/VerifyLinksinWebsites/Page_Jobyco (1)/a_Are there any prohibited ite' is clicked on

2018-07-10 14:50:27 - [MESSAGE][PASSED] - Object: 'Object Repository/VerifyLinksinWebsites/Page_Jobyco (1)/a_Are there any prohibited ite' is clicked on

2018-07-10 14:50:27 - [TEST_STEP][PASSED] - click: Object: 'Object Repository/VerifyLinksinWebsites/Page_Jobyco (1)/a_Does my recipient need to pa' is clicked on

2018-07-10 14:50:27 - [MESSAGE][PASSED] - Object: 'Object Repository/VerifyLinksinWebsites/Page_Jobyco (1)/a_Does my recipient need to pa' is clicked on

2018-07-10 14:50:27 - [TEST_STEP][PASSED] - click: Object: 'Object Repository/VerifyLinksinWebsites/Page_Jobyco (1)/a_Does my recipient need to pa_1' is clicked on

2018-07-10 14:50:27 - [MESSAGE][PASSED] - Object: 'Object Repository/VerifyLinksinWebsites/Page_Jobyco (1)/a_Does my recipient need to pa_1' is clicked on

2018-07-10 14:50:27 - [TEST_STEP][PASSED] - click: Object: 'Object Repository/VerifyLinksinWebsites/Page_Jobyco (1)/a_Will my parcel be opened for' is clicked on

2018-07-10 14:50:27 - [MESSAGE][PASSED] - Object: 'Object Repository/VerifyLinksinWebsites/Page_Jobyco (1)/a_Will my parcel be opened for' is clicked on

2018-07-10 14:50:27 - [TEST_STEP][PASSED] - click: Object: 'Object Repository/VerifyLinksinWebsites/Page_Jobyco (1)/a_Is my consignment covered by' is clicked on

2018-07-10 14:50:27 - [MESSAGE][PASSED] - Object: 'Object Repository/VerifyLinksinWebsites/Page_Jobyco (1)/a_Is my consignment covered by' is clicked on

2018-07-10 14:50:27 - [TEST_STEP][PASSED] - click: Object: 'Object Repository/VerifyLinksinWebsites/Page_Jobyco (1)/a_Can I track the status and l' is clicked on

2018-07-10 14:50:28 - [MESSAGE][PASSED] - Object: 'Object Repository/VerifyLinksinWebsites/Page_Jobyco (1)/a_Can I track the status and l' is clicked on

2018-07-10 14:50:28 - [TEST_STEP][PASSED] - click: Object: 'Object Repository/VerifyLinksinWebsites/Page_Jobyco (1)/a_What should I do if my consi' is clicked on

2018-07-10 14:50:28 - [MESSAGE][PASSED] - Object: 'Object Repository/VerifyLinksinWebsites/Page_Jobyco (1)/a_What should I do if my consi' is clicked on

2018-07-10 14:50:28 - [TEST_STEP][PASSED] - click: Object: 'Object Repository/VerifyLinksinWebsites/Page_Jobyco (1)/a_Within what time frame do I' is clicked on

2018-07-10 14:50:28 - [MESSAGE][PASSED] - Object: 'Object Repository/VerifyLinksinWebsites/Page_Jobyco (1)/a_Within what time frame do I' is clicked on

2018-07-10 14:50:28 - [TEST_STEP][PASSED] - click: Object: 'Object Repository/VerifyLinksinWebsites/Page_Jobyco (1)/a_How long does it take for my' is clicked on

2018-07-10 14:50:28 - [MESSAGE][PASSED] - Object: 'Object Repository/VerifyLinksinWebsites/Page_Jobyco (1)/a_How long does it take for my' is clicked on

2018-07-10 14:50:28 - [TEST_STEP][PASSED] - click: Object: 'Object Repository/VerifyLinksinWebsites/Page_Jobyco (1)/a_How do we pack our things so' is clicked on

2018-07-10 14:50:28 - [MESSAGE][PASSED] - Object: 'Object Repository/VerifyLinksinWebsites/Page_Jobyco (1)/a_How do we pack our things so' is clicked on

2018-07-10 14:50:28 - [TEST_STEP][PASSED] - click: Object: 'Object Repository/VerifyLinksinWebsites/Page_Jobyco (1)/a_Home' is clicked on

2018-07-10 14:50:29 - [MESSAGE][PASSED] - Object: 'Object Repository/VerifyLinksinWebsites/Page_Jobyco (1)/a_Home' is clicked on

2018-07-10 14:50:29 - [TEST_STEP][PASSED] - takeScreenshot: Taking screenshot successfully

2018-07-10 14:50:30 - [MESSAGE][PASSED] - Taking screenshot successfully
[[ATTACHMENT|E:\\Avishek\\LOGMANPROJECT\\Reports\\WebsiteFrontend\\WebsiteVerifyLinksAndSignUp\\20180710_144407\\1531214429378.png]]

2018-07-10 14:50:30 - [TEST_STEP][PASSED] - click: Object: 'Object Repository/VerifyLinksinWebsites/Page_JobyCo/a_About' is clicked on

2018-07-10 14:50:30 - [MESSAGE][PASSED] - Object: 'Object Repository/VerifyLinksinWebsites/Page_JobyCo/a_About' is clicked on

2018-07-10 14:50:30 - [TEST_STEP][PASSED] - takeScreenshot: Taking screenshot successfully

2018-07-10 14:50:30 - [MESSAGE][PASSED] - Taking screenshot successfully
[[ATTACHMENT|E:\\Avishek\\LOGMANPROJECT\\Reports\\WebsiteFrontend\\WebsiteVerifyLinksAndSignUp\\20180710_144407\\1531214430426.png]]

2018-07-10 14:50:30 - [TEST_STEP][PASSED] - click: Object: 'Object Repository/VerifyLinksinWebsites/Page_Jobyco (1)/img_img-responsive' is clicked on

2018-07-10 14:50:31 - [MESSAGE][PASSED] - Object: 'Object Repository/VerifyLinksinWebsites/Page_Jobyco (1)/img_img-responsive' is clicked on

2018-07-10 14:50:31 - [TEST_STEP][PASSED] - takeScreenshot: Taking screenshot successfully

2018-07-10 14:50:32 - [MESSAGE][PASSED] - Taking screenshot successfully
[[ATTACHMENT|E:\\Avishek\\LOGMANPROJECT\\Reports\\WebsiteFrontend\\WebsiteVerifyLinksAndSignUp\\20180710_144407\\1531214431435.png]]

2018-07-10 14:50:32 - [TEST_STEP][PASSED] - closeBrowser: Browser is closed

2018-07-10 14:50:32 - [MESSAGE][PASSED] - Browser is closed]]></system-out>
         <system-err><![CDATA[]]></system-err>
      </testcase>
      <testcase name="Test Cases/WebsitesFrontend/VerifyCustomerPortalSignUp" classname="Test Cases/WebsitesFrontend/VerifyCustomerPortalSignUp" status="PASSED">
         <system-out><![CDATA[2018-07-10 14:50:32 - [TEST_CASE][PASSED] - Test Cases/WebsitesFrontend/VerifyCustomerPortalSignUp: Test Cases/WebsitesFrontend/VerifyCustomerPortalSignUp

2018-07-10 14:50:33 - [TEST_STEP][PASSED] - openBrowser: Browser is opened with url: ''

2018-07-10 14:50:35 - [MESSAGE][PASSED] - Browser is opened with url: ''

2018-07-10 14:50:35 - [TEST_STEP][PASSED] - navigateToUrl: Navigate to 'http://logmanproj.com/' successfully

2018-07-10 14:50:38 - [MESSAGE][PASSED] - Navigate to 'http://logmanproj.com/' successfully

2018-07-10 14:50:38 - [TEST_STEP][PASSED] - click: Object: 'Object Repository/VerifyCustomerPortalSignUp/Page_JobyCo/a_Customer Portal' is clicked on

2018-07-10 14:50:39 - [MESSAGE][PASSED] - Object: 'Object Repository/VerifyCustomerPortalSignUp/Page_JobyCo/a_Customer Portal' is clicked on

2018-07-10 14:50:39 - [TEST_STEP][PASSED] - click: Object: 'Object Repository/VerifyCustomerPortalSignUp/Page_JobyCo/a_Sign Up' is clicked on

2018-07-10 14:50:43 - [MESSAGE][PASSED] - Object: 'Object Repository/VerifyCustomerPortalSignUp/Page_JobyCo/a_Sign Up' is clicked on

2018-07-10 14:50:43 - [TEST_STEP][PASSED] - setText: Text 'Avishek' is set on object 'Object Repository/VerifyCustomerPortalSignUp/Page_JobyCo/input_ctl00ContentPlaceHolder1'

2018-07-10 14:50:43 - [MESSAGE][PASSED] - Text 'Avishek' is set on object 'Object Repository/VerifyCustomerPortalSignUp/Page_JobyCo/input_ctl00ContentPlaceHolder1'

2018-07-10 14:50:43 - [TEST_STEP][PASSED] - setText: Text 'avishek22@mailinator.com' is set on object 'Object Repository/VerifyCustomerPortalSignUp/Page_JobyCo/input_ctl00ContentPlaceHolder1_1'

2018-07-10 14:50:43 - [MESSAGE][PASSED] - Text 'avishek22@mailinator.com' is set on object 'Object Repository/VerifyCustomerPortalSignUp/Page_JobyCo/input_ctl00ContentPlaceHolder1_1'

2018-07-10 14:50:43 - [TEST_STEP][PASSED] - setText: Text 'password123456!@#$%^' is set on object 'Object Repository/VerifyCustomerPortalSignUp/Page_JobyCo/input_ctl00ContentPlaceHolder1_2'

2018-07-10 14:50:43 - [MESSAGE][PASSED] - Text 'password123456!@#$%^' is set on object 'Object Repository/VerifyCustomerPortalSignUp/Page_JobyCo/input_ctl00ContentPlaceHolder1_2'

2018-07-10 14:50:43 - [TEST_STEP][PASSED] - setText: Text '1234567898' is set on object 'Object Repository/VerifyCustomerPortalSignUp/Page_JobyCo/input_phone'

2018-07-10 14:50:43 - [MESSAGE][PASSED] - Text '1234567898' is set on object 'Object Repository/VerifyCustomerPortalSignUp/Page_JobyCo/input_phone'

2018-07-10 14:50:43 - [TEST_STEP][PASSED] - click: Object: 'Object Repository/VerifyCustomerPortalSignUp/Page_JobyCo/input_ctl00ContentPlaceHolder1_3' is clicked on

2018-07-10 14:50:43 - [MESSAGE][PASSED] - Object: 'Object Repository/VerifyCustomerPortalSignUp/Page_JobyCo/input_ctl00ContentPlaceHolder1_3' is clicked on

2018-07-10 14:50:43 - [TEST_STEP][PASSED] - setText: Text '123456' is set on object 'Object Repository/VerifyCustomerPortalSignUp/Page_JobyCo/input_ctl00ContentPlaceHolder1_2'

2018-07-10 14:50:44 - [MESSAGE][PASSED] - Text '123456' is set on object 'Object Repository/VerifyCustomerPortalSignUp/Page_JobyCo/input_ctl00ContentPlaceHolder1_2'

2018-07-10 14:50:44 - [TEST_STEP][PASSED] - click: Object: 'Object Repository/VerifyCustomerPortalSignUp/Page_JobyCo/input_ctl00ContentPlaceHolder1_3' is clicked on

2018-07-10 14:50:44 - [MESSAGE][PASSED] - Object: 'Object Repository/VerifyCustomerPortalSignUp/Page_JobyCo/input_ctl00ContentPlaceHolder1_3' is clicked on

2018-07-10 14:50:44 - [TEST_STEP][PASSED] - takeScreenshot: Taking screenshot successfully

2018-07-10 14:50:44 - [MESSAGE][PASSED] - Taking screenshot successfully
[[ATTACHMENT|E:\\Avishek\\LOGMANPROJECT\\Reports\\WebsiteFrontend\\WebsiteVerifyLinksAndSignUp\\20180710_144407\\1531214444148.png]]

2018-07-10 14:50:44 - [TEST_STEP][PASSED] - mouseOver: Object: 'Object Repository/VerifyCustomerPortalSignUp/Popoverbutton/Page_JobyCo/button_OK' is hovered

2018-07-10 14:50:44 - [MESSAGE][PASSED] - Object: 'Object Repository/VerifyCustomerPortalSignUp/Popoverbutton/Page_JobyCo/button_OK' is hovered

2018-07-10 14:50:44 - [TEST_STEP][PASSED] - click: Object: 'Object Repository/VerifyCustomerPortalSignUp/Popoverbutton/Page_JobyCo/button_OK' is clicked on

2018-07-10 14:50:44 - [MESSAGE][PASSED] - Object: 'Object Repository/VerifyCustomerPortalSignUp/Popoverbutton/Page_JobyCo/button_OK' is clicked on

2018-07-10 14:50:44 - [TEST_STEP][PASSED] - takeScreenshot: Taking screenshot successfully

2018-07-10 14:50:45 - [MESSAGE][PASSED] - Taking screenshot successfully
[[ATTACHMENT|E:\\Avishek\\LOGMANPROJECT\\Reports\\WebsiteFrontend\\WebsiteVerifyLinksAndSignUp\\20180710_144407\\1531214444810.png]]

2018-07-10 14:50:45 - [TEST_STEP][PASSED] - closeBrowser: Browser is closed

2018-07-10 14:50:45 - [MESSAGE][PASSED] - Browser is closed]]></system-out>
         <system-err><![CDATA[]]></system-err>
      </testcase>
      <system-out><![CDATA[2018-07-10 14:50:10 - [TEST_SUITE][PASSED] - WebsiteVerifyLinksAndSignUp: Test Cases/WebsitesFrontend/VerifyCustomerPortalSignUp]]></system-out>
      <system-err><![CDATA[]]></system-err>
   </testsuite>
</testsuites>
